<?xml version="1.0" encoding="UTF-8"?>
<testsuite xmlns:xsi="http://www.w3.org/2001/XMLSchema-instance" xsi:noNamespaceSchemaLocation="https://maven.apache.org/surefire/maven-surefire-plugin/xsd/surefire-test-report-3.0.xsd" version="3.0" name="com.brandao.performance.PerformanceApplicationTests" time="2.429" tests="1" errors="0" skipped="0" failures="0">
  <properties>
[...]
</properties>
  <testcase name="contextLoads" classname="com.brandao.performance.PerformanceApplicationTests" time="0.717">
    <system-out><![CDATA[20:30:14.478 [main] INFO org.springframework.test.context.support.AnnotationConfigContextLoaderUtils -- Could not detect default configuration classes for test class [com.brandao.performance.PerformanceApplicationTests]: PerformanceApplicationTests does not declare any static, non-private, non-final, nested classes annotated with @Configuration.
20:30:14.556 [main] INFO org.springframework.boot.test.context.SpringBootTestContextBootstrapper -- Found @SpringBootConfiguration com.brandao.performance.PerformanceApplication for test class com.brandao.performance.PerformanceApplicationTests

  .   ____          _            __ _ _
 /\\ / ___'_ __ _ _(_)_ __  __ _ \ \ \ \
( ( )\___ | '_ | '_| | '_ \/ _` | \ \ \ \
 \\/  ___)| |_)| | | | | || (_| |  ) ) ) )
  '  |____| .__|_| |_|_| |_\__, | / / / /
 =========|_|==============|___/=/_/_/_/
 :: Spring Boot ::                (v3.2.1)

2024-01-10T20:30:14.908-03:00  INFO 9091 --- [           main] c.b.p.PerformanceApplicationTests        : Starting PerformanceApplicationTests using Java 17.0.7 with PID 9091 (started by gbrandao in /Users/gbrandao/Documents/projects/pocs/performance/springboot-performance-test)
2024-01-10T20:30:14.909-03:00  INFO 9091 --- [           main] c.b.p.PerformanceApplicationTests        : No active profile set, falling back to 1 default profile: "default"
2024-01-10T20:30:15.501-03:00  INFO 9091 --- [           main] o.s.cloud.context.scope.GenericScope     : BeanFactory id=d611e88a-5a44-34c4-8e03-f10f80c877f4
2024-01-10T20:30:16.033-03:00  INFO 9091 --- [           main] c.b.p.PerformanceApplicationTests        : Started PerformanceApplicationTests in 1.375 seconds (process running for 2.139)
]]></system-out>
  </testcase>
</testsuite>